Mon Sep 04 00:20:24 CST 2023-map for id : 1 done
mubei.ah.CommonMapFunction.doMap执行时长：284 毫秒.


Mon Sep 04 00:20:24 CST 2023-map for id : 1 done
mubei.ah.CommonMapFunction.doMap执行时长：130 毫秒.


Mon Sep 04 00:20:24 CST 2023-map for id : 1 done
mubei.ah.CommonMapFunction.doMap执行时长：74 毫秒.


Mon Sep 04 00:20:24 CST 2023-map for id : 1 done
mubei.ah.CommonMapFunction.doMap执行时长：110 毫秒.


Mon Sep 04 00:20:24 CST 2023-map for id : 1 done
mubei.ah.CommonMapFunction.doMap执行时长：21 毫秒.


Mon Sep 04 00:20:24 CST 2023-map for id : 1 done
mubei.ah.CommonMapFunction.doMap执行时长：115 毫秒.


Mon Sep 04 00:20:24 CST 2023-map for id : 1 done
mubei.ah.CommonMapFunction.doMap执行时长：22 毫秒.


Mon Sep 04 00:20:24 CST 2023-map for id : 1 done
mubei.ah.CommonMapFunction.doMap执行时长：75 毫秒.


Mon Sep 04 00:20:24 CST 2023-CommonFileTest.testDoMap执行时长：850 毫秒.


Tue Sep 05 00:07:26 CST 2023-map for id : 1 done
mubei.ah.CommonMapFunction.doMap执行时长：301 毫秒.


Tue Sep 05 00:07:26 CST 2023-map for id : 1 done
mubei.ah.CommonMapFunction.doMap执行时长：134 毫秒.


Tue Sep 05 00:07:26 CST 2023-map for id : 1 done
mubei.ah.CommonMapFunction.doMap执行时长：76 毫秒.


Tue Sep 05 00:07:27 CST 2023-map for id : 1 done
mubei.ah.CommonMapFunction.doMap执行时长：112 毫秒.


Tue Sep 05 00:07:27 CST 2023-map for id : 1 done
mubei.ah.CommonMapFunction.doMap执行时长：21 毫秒.


Tue Sep 05 00:07:27 CST 2023-map for id : 1 done
mubei.ah.CommonMapFunction.doMap执行时长：108 毫秒.


Tue Sep 05 00:07:27 CST 2023-map for id : 1 done
mubei.ah.CommonMapFunction.doMap执行时长：27 毫秒.


Tue Sep 05 00:07:27 CST 2023-map for id : 1 done
mubei.ah.CommonMapFunction.doMap执行时长：76 毫秒.


Tue Sep 05 00:07:27 CST 2023-CommonFileTest.testDoMap执行时长：876 毫秒.


Tue Sep 05 00:08:33 CST 2023-map for id : 2 done
mubei.ah.CommonMapFunction.doMap执行时长：230 毫秒.


Tue Sep 05 00:08:34 CST 2023-map for id : 2 done
mubei.ah.CommonMapFunction.doMap执行时长：127 毫秒.


Tue Sep 05 00:08:34 CST 2023-map for id : 2 done
mubei.ah.CommonMapFunction.doMap执行时长：37 毫秒.


Tue Sep 05 00:08:34 CST 2023-map for id : 2 done
mubei.ah.CommonMapFunction.doMap执行时长：66 毫秒.


Tue Sep 05 00:08:34 CST 2023-map for id : 2 done
mubei.ah.CommonMapFunction.doMap执行时长：10 毫秒.


Tue Sep 05 00:08:34 CST 2023-map for id : 2 done
mubei.ah.CommonMapFunction.doMap执行时长：54 毫秒.


Tue Sep 05 00:08:34 CST 2023-map for id : 2 done
mubei.ah.CommonMapFunction.doMap执行时长：10 毫秒.


Tue Sep 05 00:08:34 CST 2023-map for id : 2 done
mubei.ah.CommonMapFunction.doMap执行时长：35 毫秒.


Tue Sep 05 00:08:34 CST 2023-CommonFileTest.testDoMap执行时长：592 毫秒.


Tue Sep 05 00:08:55 CST 2023-map for id : 1 done
mubei.ah.CommonMapFunction.doMap执行时长：217 毫秒.


Tue Sep 05 00:08:55 CST 2023-map for id : 1 done
mubei.ah.CommonMapFunction.doMap执行时长：93 毫秒.


Tue Sep 05 00:08:55 CST 2023-map for id : 1 done
mubei.ah.CommonMapFunction.doMap执行时长：77 毫秒.


Tue Sep 05 00:08:56 CST 2023-map for id : 1 done
mubei.ah.CommonMapFunction.doMap执行时长：83 毫秒.


Tue Sep 05 00:08:56 CST 2023-map for id : 1 done
mubei.ah.CommonMapFunction.doMap执行时长：13 毫秒.


Tue Sep 05 00:08:56 CST 2023-map for id : 1 done
mubei.ah.CommonMapFunction.doMap执行时长：62 毫秒.


Tue Sep 05 00:08:56 CST 2023-map for id : 1 done
mubei.ah.CommonMapFunction.doMap执行时长：12 毫秒.


Tue Sep 05 00:08:56 CST 2023-map for id : 1 done
mubei.ah.CommonMapFunction.doMap执行时长：40 毫秒.


Tue Sep 05 00:08:56 CST 2023-CommonFileTest.testDoMap执行时长：621 毫秒.


Tue Sep 05 00:09:30 CST 2023-map for id : 1 done
mubei.ah.CommonMapFunction.doMap执行时长：214 毫秒.


Tue Sep 05 00:09:30 CST 2023-map for id : 1 done
mubei.ah.CommonMapFunction.doMap执行时长：130 毫秒.


Tue Sep 05 00:09:30 CST 2023-map for id : 1 done
mubei.ah.CommonMapFunction.doMap执行时长：53 毫秒.


Tue Sep 05 00:09:30 CST 2023-map for id : 1 done
mubei.ah.CommonMapFunction.doMap执行时长：71 毫秒.


Tue Sep 05 00:09:30 CST 2023-map for id : 1 done
mubei.ah.CommonMapFunction.doMap执行时长：11 毫秒.


Tue Sep 05 00:09:30 CST 2023-map for id : 1 done
mubei.ah.CommonMapFunction.doMap执行时长：57 毫秒.


Tue Sep 05 00:09:30 CST 2023-map for id : 1 done
mubei.ah.CommonMapFunction.doMap执行时长：12 毫秒.


Tue Sep 05 00:09:30 CST 2023-map for id : 1 done
mubei.ah.CommonMapFunction.doMap执行时长：39 毫秒.


Tue Sep 05 00:09:30 CST 2023-CommonFileTest.testDoMap执行时长：615 毫秒.


Tue Sep 05 00:20:09 CST 2023-ok to do reduce for id: 0
mubei.ah.CommonReduce.doReduce执行时长：475 毫秒.


Tue Sep 05 00:20:09 CST 2023-CommonReduceTest.testDoReduce执行时长：488 毫秒.


Tue Sep 05 00:21:04 CST 2023-ok to do reduce for id: 0
mubei.ah.CommonReduce.doReduce执行时长：467 毫秒.


Tue Sep 05 00:21:04 CST 2023-CommonReduceTest.testDoReduce执行时长：480 毫秒.


Tue Sep 05 00:22:09 CST 2023-ok to do reduce for id: 0
mubei.ah.CommonReduce.doReduce执行时长：474 毫秒.


Tue Sep 05 00:22:09 CST 2023-CommonReduceTest.testDoReduce执行时长：488 毫秒.


Tue Sep 05 00:22:42 CST 2023-ok to do reduce for id: 0
mubei.ah.CommonReduce.doReduce执行时长：460 毫秒.


Tue Sep 05 00:22:42 CST 2023-CommonReduceTest.testDoReduce执行时长：475 毫秒.


Tue Sep 05 00:24:23 CST 2023-ok to do reduce for id: 0
mubei.ah.CommonReduce.doReduce执行时长：463 毫秒.


Tue Sep 05 00:24:23 CST 2023-CommonReduceTest.testDoReduce执行时长：476 毫秒.


Tue Sep 05 00:25:40 CST 2023-ok to do reduce for id: 0
mubei.ah.CommonReduce.doReduce执行时长：496 毫秒.


Tue Sep 05 00:25:40 CST 2023-CommonReduceTest.testDoReduce执行时长：510 毫秒.


Tue Sep 05 00:25:45 CST 2023-ok to do reduce for id: 0
mubei.ah.CommonReduce.doReduce执行时长：474 毫秒.


Tue Sep 05 00:25:45 CST 2023-CommonReduceTest.testDoReduce执行时长：489 毫秒.


Tue Sep 05 00:25:48 CST 2023-ok to do reduce for id: 0
mubei.ah.CommonReduce.doReduce执行时长：461 毫秒.


Tue Sep 05 00:25:48 CST 2023-CommonReduceTest.testDoReduce执行时长：474 毫秒.


Tue Sep 05 00:25:51 CST 2023-ok to do reduce for id: 0
mubei.ah.CommonReduce.doReduce执行时长：527 毫秒.


Tue Sep 05 00:25:51 CST 2023-CommonReduceTest.testDoReduce执行时长：540 毫秒.


Tue Sep 05 00:25:53 CST 2023-ok to do reduce for id: 0
mubei.ah.CommonReduce.doReduce执行时长：493 毫秒.


Tue Sep 05 00:25:53 CST 2023-CommonReduceTest.testDoReduce执行时长：506 毫秒.


Wed Sep 06 00:04:31 CST 2023-map for id : 0 done
mubei.ah.CommonMapFunction.doMap执行时长：265 毫秒.


Wed Sep 06 00:04:31 CST 2023-map for id : 0 done
mubei.ah.CommonMapFunction.doMap执行时长：90 毫秒.


Wed Sep 06 00:04:31 CST 2023-map for id : 0 done
mubei.ah.CommonMapFunction.doMap执行时长：63 毫秒.


Wed Sep 06 00:04:31 CST 2023-map for id : 0 done
mubei.ah.CommonMapFunction.doMap执行时长：79 毫秒.


Wed Sep 06 00:04:31 CST 2023-map for id : 0 done
mubei.ah.CommonMapFunction.doMap执行时长：13 毫秒.


Wed Sep 06 00:04:31 CST 2023-map for id : 0 done
mubei.ah.CommonMapFunction.doMap执行时长：62 毫秒.


Wed Sep 06 00:04:31 CST 2023-map for id : 0 done
mubei.ah.CommonMapFunction.doMap执行时长：12 毫秒.


Wed Sep 06 00:04:31 CST 2023-map for id : 0 done
mubei.ah.CommonMapFunction.doMap执行时长：41 毫秒.


Wed Sep 06 00:04:32 CST 2023-ok to do reduce for id: 0
mubei.ah.CommonReduce.doReduce执行时长：315 毫秒.


Wed Sep 06 00:04:32 CST 2023-ok to merge all files


Wed Sep 06 00:06:09 CST 2023-map for id : 0 done
mubei.ah.CommonMapFunction.doMap执行时长：216 毫秒.


Wed Sep 06 00:06:10 CST 2023-map for id : 0 done
mubei.ah.CommonMapFunction.doMap执行时长：161 毫秒.


Wed Sep 06 00:06:10 CST 2023-map for id : 0 done
mubei.ah.CommonMapFunction.doMap执行时长：79 毫秒.


Wed Sep 06 00:06:10 CST 2023-map for id : 0 done
mubei.ah.CommonMapFunction.doMap执行时长：78 毫秒.


Wed Sep 06 00:06:10 CST 2023-map for id : 0 done
mubei.ah.CommonMapFunction.doMap执行时长：14 毫秒.


Wed Sep 06 00:06:10 CST 2023-map for id : 0 done
mubei.ah.CommonMapFunction.doMap执行时长：58 毫秒.


Wed Sep 06 00:06:10 CST 2023-map for id : 0 done
mubei.ah.CommonMapFunction.doMap执行时长：11 毫秒.


Wed Sep 06 00:06:10 CST 2023-map for id : 0 done
mubei.ah.CommonMapFunction.doMap执行时长：36 毫秒.


Wed Sep 06 00:06:10 CST 2023-ok to do reduce for id: 0
mubei.ah.CommonReduce.doReduce执行时长：320 毫秒.


Wed Sep 06 00:06:10 CST 2023-ok to merge all files


Wed Sep 06 00:06:10 CST 2023-mubei.Single.run执行时长：1193 毫秒.


Mon Sep 11 22:06:44 CST 2023-map for id : 0 done
mubei.ah.CommonMapFunction.doMap执行时长：266 毫秒.


Mon Sep 11 22:06:45 CST 2023-map for id : 0 done
mubei.ah.CommonMapFunction.doMap执行时长：105 毫秒.


Mon Sep 11 22:06:45 CST 2023-map for id : 0 done
mubei.ah.CommonMapFunction.doMap执行时长：80 毫秒.


Mon Sep 11 22:06:45 CST 2023-map for id : 0 done
mubei.ah.CommonMapFunction.doMap执行时长：133 毫秒.


Mon Sep 11 22:06:45 CST 2023-map for id : 0 done
mubei.ah.CommonMapFunction.doMap执行时长：19 毫秒.


Mon Sep 11 22:06:45 CST 2023-map for id : 0 done
mubei.ah.CommonMapFunction.doMap执行时长：77 毫秒.


Mon Sep 11 22:06:45 CST 2023-map for id : 0 done
mubei.ah.CommonMapFunction.doMap执行时长：13 毫秒.


Mon Sep 11 22:06:45 CST 2023-map for id : 0 done
mubei.ah.CommonMapFunction.doMap执行时长：44 毫秒.


Mon Sep 11 22:06:45 CST 2023-ok to do reduce for id: 0
mubei.ah.CommonReduce.doReduce执行时长：371 毫秒.


Mon Sep 11 22:06:46 CST 2023-ok to merge all files


Mon Sep 11 22:06:46 CST 2023-mubei.Single.run执行时长：1366 毫秒.


